2023-03-10 20:47:40.219  INFO 24996 --- [restartedMain] com.peng.MyBlogApplication               : Starting MyBlogApplication on alert404 with PID 24996 (D:\ruoyi-blog\Geek-CMS\target\classes started by NING MEI in D:\ruoyi-blog\Geek-CMS)
2023-03-10 20:47:40.225  INFO 24996 --- [restartedMain] com.peng.MyBlogApplication               : The following profiles are active: dev
2023-03-10 20:47:40.270  INFO 24996 --- [restartedMain] .e.DevToolsPropertyDefaultsPostProcessor : Devtools property defaults active! Set 'spring.devtools.add-properties' to 'false' to disable
2023-03-10 20:47:40.270  INFO 24996 --- [restartedMain] .e.DevToolsPropertyDefaultsPostProcessor : For additional web related logging consider setting the 'logging.level.web' property to 'DEBUG'
2023-03-10 20:47:41.058  INFO 24996 --- [restartedMain] .s.d.r.c.RepositoryConfigurationDelegate : Multiple Spring Data modules found, entering strict repository configuration mode!
2023-03-10 20:47:41.061  INFO 24996 --- [restartedMain] .s.d.r.c.RepositoryConfigurationDelegate : Bootstrapping Spring Data repositories in DEFAULT mode.
2023-03-10 20:47:41.105  INFO 24996 --- [restartedMain] .s.d.r.c.RepositoryConfigurationDelegate : Finished Spring Data repository scanning in 30ms. Found 0 repository interfaces.
2023-03-10 20:47:41.467  INFO 24996 --- [restartedMain] trationDelegate$BeanPostProcessorChecker : Bean 'org.springframework.transaction.annotation.ProxyTransactionManagementConfiguration' of type [org.springframework.transaction.annotation.ProxyTransactionManagementConfiguration$$EnhancerBySpringCGLIB$$89ecf901] is not eligible for getting processed by all BeanPostProcessors (for example: not eligible for auto-proxying)
2023-03-10 20:47:41.578  INFO 24996 --- [restartedMain] trationDelegate$BeanPostProcessorChecker : Bean 'org.springframework.security.config.annotation.configuration.ObjectPostProcessorConfiguration' of type [org.springframework.security.config.annotation.configuration.ObjectPostProcessorConfiguration$$EnhancerBySpringCGLIB$$229ac13b] is not eligible for getting processed by all BeanPostProcessors (for example: not eligible for auto-proxying)
2023-03-10 20:47:41.584  INFO 24996 --- [restartedMain] trationDelegate$BeanPostProcessorChecker : Bean 'objectPostProcessor' of type [org.springframework.security.config.annotation.configuration.AutowireBeanFactoryObjectPostProcessor] is not eligible for getting processed by all BeanPostProcessors (for example: not eligible for auto-proxying)
2023-03-10 20:47:41.588  INFO 24996 --- [restartedMain] trationDelegate$BeanPostProcessorChecker : Bean 'org.springframework.security.access.expression.method.DefaultMethodSecurityExpressionHandler@3e2868b7' of type [org.springframework.security.access.expression.method.DefaultMethodSecurityExpressionHandler] is not eligible for getting processed by all BeanPostProcessors (for example: not eligible for auto-proxying)
2023-03-10 20:47:41.591  INFO 24996 --- [restartedMain] trationDelegate$BeanPostProcessorChecker : Bean 'org.springframework.security.config.annotation.method.configuration.GlobalMethodSecurityConfiguration' of type [org.springframework.security.config.annotation.method.configuration.GlobalMethodSecurityConfiguration$$EnhancerBySpringCGLIB$$476f63ed] is not eligible for getting processed by all BeanPostProcessors (for example: not eligible for auto-proxying)
2023-03-10 20:47:41.597  INFO 24996 --- [restartedMain] trationDelegate$BeanPostProcessorChecker : Bean 'methodSecurityMetadataSource' of type [org.springframework.security.access.method.DelegatingMethodSecurityMetadataSource] is not eligible for getting processed by all BeanPostProcessors (for example: not eligible for auto-proxying)
2023-03-10 20:47:41.968  INFO 24996 --- [restartedMain] o.s.b.w.embedded.tomcat.TomcatWebServer  : Tomcat initialized with port(s): 8080 (http)
2023-03-10 20:47:41.990  INFO 24996 --- [restartedMain] o.apache.catalina.core.StandardService   : Starting service [Tomcat]
2023-03-10 20:47:41.990  INFO 24996 --- [restartedMain] org.apache.catalina.core.StandardEngine  : Starting Servlet engine: [Apache Tomcat/9.0.19]
2023-03-10 20:47:42.099  INFO 24996 --- [restartedMain] o.a.c.c.C.[Tomcat].[localhost].[/peng]   : Initializing Spring embedded WebApplicationContext
2023-03-10 20:47:42.100  INFO 24996 --- [restartedMain] o.s.web.context.ContextLoader            : Root WebApplicationContext: initialization completed in 1829 ms
2023-03-10 20:47:42.516  INFO 24996 --- [restartedMain] c.a.d.s.b.a.DruidDataSourceAutoConfigure : Init DruidDataSource
2023-03-10 20:47:43.109  INFO 24996 --- [restartedMain] com.alibaba.druid.pool.DruidDataSource   : {dataSource-1} inited
2023-03-10 20:47:44.512  INFO 24996 --- [restartedMain] .s.s.UserDetailsServiceAutoConfiguration : 

Using generated security password: ffa737ff-7670-4451-9c53-36fb8e351957

2023-03-10 20:47:44.700  INFO 24996 --- [restartedMain] o.s.b.a.w.s.WelcomePageHandlerMapping    : Adding welcome page template: index
2023-03-10 20:47:44.717  INFO 24996 --- [restartedMain] o.s.s.web.DefaultSecurityFilterChain     : Creating filter chain: any request, [org.springframework.security.web.context.request.async.WebAsyncManagerIntegrationFilter@7fd07b71, org.springframework.security.web.context.SecurityContextPersistenceFilter@6f36a425, org.springframework.security.web.header.HeaderWriterFilter@10b5161a, org.springframework.web.filter.CorsFilter@5df8beaa, org.springframework.security.web.authentication.logout.LogoutFilter@23274d09, com.peng.security.JwtAuthenticationFilter@71c7dcfe, org.springframework.security.web.savedrequest.RequestCacheAwareFilter@1f4f48ae, org.springframework.security.web.servletapi.SecurityContextHolderAwareRequestFilter@5ad6012, org.springframework.security.web.authentication.AnonymousAuthenticationFilter@567b24d1, org.springframework.security.web.session.SessionManagementFilter@5fff7abd, org.springframework.security.web.access.ExceptionTranslationFilter@21a8779a, org.springframework.security.web.access.intercept.FilterSecurityInterceptor@6dbcef80]
2023-03-10 20:47:44.879  INFO 24996 --- [restartedMain] o.s.s.concurrent.ThreadPoolTaskExecutor  : Initializing ExecutorService 'applicationTaskExecutor'
2023-03-10 20:47:44.950  WARN 24996 --- [restartedMain] org.thymeleaf.templatemode.TemplateMode  : [THYMELEAF][restartedMain] Template Mode 'HTML5' is deprecated. Using Template Mode 'HTML' instead.
2023-03-10 20:47:45.474  INFO 24996 --- [restartedMain] o.s.b.d.a.OptionalLiveReloadServer       : LiveReload server is running on port 35729
2023-03-10 20:47:45.564  INFO 24996 --- [restartedMain] o.s.b.w.embedded.tomcat.TomcatWebServer  : Tomcat started on port(s): 8080 (http) with context path '/peng'
2023-03-10 20:47:45.567  INFO 24996 --- [restartedMain] com.peng.MyBlogApplication               : Started MyBlogApplication in 5.733 seconds (JVM running for 6.801)
